<?xml version="1.0" encoding="UTF-8"?>
<!-- Generated by org.testng.reporters.JUnitXMLReporter -->
<testsuite hostname="Kompukter" ignored="0" tests="26" failures="0" timestamp="2021-08-17T22:35:57 EEST" time="13.625" errors="0">
  <testcase name="verifyDeleteAuthor" time="9.623" classname="AuthorTests"/>
  <testcase name="verifyGetAllAuthors" time="0.049" classname="AuthorTests"/>
  <testcase name="verifyGetAuthorById" time="0.071" classname="AuthorTests"/>
  <testcase name="verifyPostAuthor" time="0.008" classname="AuthorTests"/>
  <testcase name="verifyPostAuthorWrong" time="0.048" classname="AuthorTests"/>
  <testcase name="verifySearchAuthorsByName" time="0.086" classname="AuthorTests"/>
  <testcase name="verifySearchAuthorsByName" time="0.035" classname="AuthorTests"/>
  <testcase name="verifySearchAuthorsByName" time="0.064" classname="AuthorTests"/>
  <testcase name="verifySearchAuthorsByName" time="0.036" classname="AuthorTests"/>
  <testcase name="verifySearchAuthorsByName" time="0.03" classname="AuthorTests"/>
  <testcase name="verifySearchAuthorsByName" time="0.034" classname="AuthorTests"/>
  <testcase name="verifySearchBookAuthor" time="0.037" classname="AuthorTests"/>
  <testcase name="verifyUpdateAuthor" time="0.046" classname="AuthorTests"/>
  <testcase name="VerifyDeleteBook" time="0.242" classname="BookTests"/>
  <testcase name="verifyBooksOfSpecialAuthor" time="0.03" classname="BookTests"/>
  <testcase name="verifyGetAllBooks" time="0.052" classname="BookTests"/>
  <testcase name="verifyGetBookById" time="0.032" classname="BookTests"/>
  <testcase name="verifyPostBook" time="0.01" classname="BookTests"/>
  <testcase name="verifyPostBookWrong" time="0.029" classname="BookTests"/>
  <testcase name="verifyUpdateBook" time="0.038" classname="BookTests"/>
  <testcase name="VerifyDeleteGenre" time="0.069" classname="GenreTests"/>
  <testcase name="verifyGetAllGenres" time="0.036" classname="GenreTests"/>
  <testcase name="verifyGetGenreById" time="0.03" classname="GenreTests"/>
  <testcase name="verifyPostGenre" time="0.007" classname="GenreTests"/>
  <testcase name="verifyPostGenreWrong" time="0.033" classname="GenreTests"/>
  <testcase name="verifyUpdateGenre" time="0.041" classname="GenreTests"/>
</testsuite>
