<?xml version="1.0" encoding="UTF-8"?>
<testsuite xmlns:xsi="http://www.w3.org/2001/XMLSchema-instance" xsi:noNamespaceSchemaLocation="https://maven.apache.org/surefire/maven-surefire-plugin/xsd/surefire-test-report.xsd" name="TestSuite" time="22.62" tests="26" errors="0" skipped="0" failures="0">
  <properties>
[...]
</properties>
  <testcase name="verifyDeleteAuthor" classname="AuthorTests" time="9.598"/>
  <testcase name="verifyGetAllAuthors" classname="AuthorTests" time="0.066"/>
  <testcase name="verifyGetAuthorById" classname="AuthorTests" time="0.07"/>
  <testcase name="verifyPostAuthor" classname="AuthorTests" time="0.007"/>
  <testcase name="verifyPostAuthorWrong" classname="AuthorTests" time="0.047"/>
  <testcase name="verifySearchAuthorsByName" classname="AuthorTests" time="0.086"/>
  <testcase name="verifySearchAuthorsByName" classname="AuthorTests" time="0.04"/>
  <testcase name="verifySearchAuthorsByName" classname="AuthorTests" time="0.062"/>
  <testcase name="verifySearchAuthorsByName" classname="AuthorTests" time="0.048"/>
  <testcase name="verifySearchAuthorsByName" classname="AuthorTests" time="0.031"/>
  <testcase name="verifySearchAuthorsByName" classname="AuthorTests" time="0.028"/>
  <testcase name="verifySearchBookAuthor" classname="AuthorTests" time="0.029"/>
  <testcase name="verifyUpdateAuthor" classname="AuthorTests" time="0.083"/>
  <testcase name="VerifyDeleteBook" classname="BookTests" time="0.262"/>
  <testcase name="verifyBooksOfSpecialAuthor" classname="BookTests" time="0.022"/>
  <testcase name="verifyGetAllBooks" classname="BookTests" time="0.042"/>
  <testcase name="verifyGetBookById" classname="BookTests" time="0.02"/>
  <testcase name="verifyPostBook" classname="BookTests" time="0.001"/>
  <testcase name="verifyPostBookWrong" classname="BookTests" time="0.016"/>
  <testcase name="verifyUpdateBook" classname="BookTests" time="0.059"/>
  <testcase name="VerifyDeleteGenre" classname="GenreTests" time="0.058"/>
  <testcase name="verifyGetAllGenres" classname="GenreTests" time="0.045"/>
  <testcase name="verifyGetGenreById" classname="GenreTests" time="0.027"/>
  <testcase name="verifyPostGenre" classname="GenreTests" time="0.001"/>
  <testcase name="verifyPostGenreWrong" classname="GenreTests" time="0.454"/>
  <testcase name="verifyUpdateGenre" classname="GenreTests" time="0.446"/>
</testsuite>